<?xml version="1.0" encoding="UTF-8"?>
<!-- Generated by org.testng.reporters.JUnitReportReporter -->
<testsuite hostname="Prateek" failures="0" tests="1" name="Demo.Actictime" time="11.235" errors="0" timestamp="2023-07-14T08:43:22 IST" skipped="0">
  <testcase classname="Demo.Actictime" name="actiTest" time="11.235"/>
  <system-out/>
</testsuite> <!-- Demo.Actictime -->
